============================================================
  Generated by:           Genus(TM) Synthesis Solution 16.12-s027_1
  Generated on:           Feb 21 2024  03:02:06 pm
  Module:                 TOP_with_pads
  Technology libraries:   CLOCK65LPLVT 
                          CORE65LPLVT 
                          SPHD110420 
                          PAD 
  Operating conditions:   typical (balanced_tree)
  Wireload mode:          enclosed
  Area mode:              timing library
============================================================

            Instance                         Module             Cells  Cell Area  Net Area   Total Area     Wireload       
---------------------------------------------------------------------------------------------------------------------------
TOP_with_pads                                                    3534     130425         0       130425 area_78Kto156K (S) 
  TOP_module                     TOP                             3502      31844         0        31844  area_30Kto36K (S) 
    Ram_controller_use           RAM_controller                   828      17294         0        17294  area_12Kto18K (S) 
      wrapper                    sram_wrapper                       1      12497         0        12497  area_12Kto18K (S) 
    multiply_unit_use            Multiplier_unit                 2061      11199         0        11199   area_9Kto12K (S) 
      csa_tree_add_171_61_groupi csa_tree_add_171_61_group_353    130        639         0          639    area_0Kto1K (S) 
      csa_tree_add_170_61_groupi csa_tree_add_170_61_group_355    130        639         0          639    area_0Kto1K (S) 
      csa_tree_add_169_61_groupi csa_tree_add_169_61_group_349    130        639         0          639    area_0Kto1K (S) 
      csa_tree_add_168_61_groupi csa_tree_add_168_61_group_351    130        639         0          639    area_0Kto1K (S) 
      rom_use                    ROM                               41        162         0          162    area_0Kto1K (S) 
    controller_use               Controller                       612       3349         0         3349    area_3Kto4K (S) 

 (S) = wireload was automatically selected
