Command: report datapath > .//reports/datapath_TOP_with_pads.rpt
============================================================
  Generated by:           Genus(TM) Synthesis Solution 16.12-s027_1
  Generated on:           Feb 21 2024  03:02:06 pm
  Module:                 TOP_with_pads
  Technology libraries:   CLOCK65LPLVT 
                          CORE65LPLVT 
                          SPHD110420 
                          PAD 
  Operating conditions:   typical (balanced_tree)
  Wireload mode:          enclosed
  Area mode:              timing library
============================================================


Inferred components

                      Operator   Signedness Inputs Outputs CellArea 
====================================================================
TOP_with_pads
 TOP_module
  multiply_unit_use
   csa_tree_add_168_61_groupi
   module:csa_tree_add_168_61_group_351
    slow/non_booth csa_and_adder            7x8x18 18        638.56 
--------------------------------------------------------------------
    add_168_61           +       unsigned   15x18  18               
    mul_168_35
     non_booth           *       unsigned   7x8    15               
====================================================================
TOP_with_pads
 TOP_module
  multiply_unit_use
   csa_tree_add_169_61_groupi
   module:csa_tree_add_169_61_group_349
    slow/non_booth csa_and_adder            7x8x18 18        638.56 
--------------------------------------------------------------------
    add_169_61           +       unsigned   15x18  18               
    mul_169_35
     non_booth           *       unsigned   7x8    15               
====================================================================
TOP_with_pads
 TOP_module
  multiply_unit_use
   csa_tree_add_170_61_groupi
   module:csa_tree_add_170_61_group_355
    slow/non_booth csa_and_adder            7x8x18 18        638.56 
--------------------------------------------------------------------
    add_170_61           +       unsigned   15x18  18               
    mul_170_35
     non_booth           *       unsigned   7x8    15               
====================================================================
TOP_with_pads
 TOP_module
  multiply_unit_use
   csa_tree_add_171_61_groupi
   module:csa_tree_add_171_61_group_353
    slow/non_booth csa_and_adder            7x8x18 18        638.56 
--------------------------------------------------------------------
    add_171_61           +       unsigned   15x18  18               
    mul_171_35
     non_booth           *       unsigned   7x8    15               
====================================================================

      Type        CellArea Percentage 
--------------------------------------
datapath modules   2554.24       1.96 
external muxes        0.00       0.00 
others           127871.00      98.04 
--------------------------------------
total            130425.24     100.00 

