============================================================
  Generated by:           Genus(TM) Synthesis Solution 16.12-s027_1
  Generated on:           Feb 21 2024  03:02:06 pm
  Module:                 TOP_with_pads
  Technology libraries:   CLOCK65LPLVT 
                          CORE65LPLVT 
                          SPHD110420 
                          PAD 
  Operating conditions:   typical (balanced_tree)
  Wireload mode:          enclosed
  Area mode:              timing library
============================================================

                                           
        Gate         Instances     Area        Library     
-----------------------------------------------------------
CPAD_S_74x50u_IN            11   49280.000    PAD          
CPAD_S_74x50u_OUT           11   49280.000    PAD          
HS65_LLS_XNOR2X6             5      20.800    CORE65LPLVT  
HS65_LLS_XOR2X6             30     124.800    CORE65LPLVT  
HS65_LL_AND2X4              68     176.800    CORE65LPLVT  
HS65_LL_AND3X9               1       3.640    CORE65LPLVT  
HS65_LL_AO112X9              2       8.320    CORE65LPLVT  
HS65_LL_AO12X9               6      21.840    CORE65LPLVT  
HS65_LL_AO222X4            558    3191.760    CORE65LPLVT  
HS65_LL_AO22X9             643    2674.880    CORE65LPLVT  
HS65_LL_AO312X9              1       5.720    CORE65LPLVT  
HS65_LL_AO32X4              10      46.800    CORE65LPLVT  
HS65_LL_AOI12X2              1       2.600    CORE65LPLVT  
HS65_LL_AOI212X4             1       4.160    CORE65LPLVT  
HS65_LL_AOI21X2              1       2.600    CORE65LPLVT  
HS65_LL_AOI311X4             1       4.160    CORE65LPLVT  
HS65_LL_BFX4                10      20.800    CORE65LPLVT  
HS65_LL_BFX9                 7      14.560    CORE65LPLVT  
HS65_LL_CB4I6X9              1       4.160    CORE65LPLVT  
HS65_LL_CBI4I1X5             1       3.640    CORE65LPLVT  
HS65_LL_CNIVX7              14      21.840    CLOCK65LPLVT 
HS65_LL_DFPQX4              10      78.000    CORE65LPLVT  
HS65_LL_DFPQX9            1222    9531.600    CORE65LPLVT  
HS65_LL_DLYIC2X9             4      12.480    CLOCK65LPLVT 
HS65_LL_FA1X4              172    1609.920    CORE65LPLVT  
HS65_LL_HA1X4               44     228.800    CORE65LPLVT  
HS65_LL_IVX18                1       2.080    CORE65LPLVT  
HS65_LL_IVX4                 1       1.560    CORE65LPLVT  
HS65_LL_IVX7                25      39.000    CORE65LPLVT  
HS65_LL_IVX9               249     388.440    CORE65LPLVT  
HS65_LL_MUX21I1X6            4      16.640    CORE65LPLVT  
HS65_LL_MUX21X4              8      33.280    CORE65LPLVT  
HS65_LL_MUXI21X2            13      47.320    CORE65LPLVT  
HS65_LL_NAND2AX7            14      43.680    CORE65LPLVT  
HS65_LL_NAND2X5             25      52.000    CORE65LPLVT  
HS65_LL_NAND2X7            140     291.200    CORE65LPLVT  
HS65_LL_NAND3AX6             1       3.640    CORE65LPLVT  
HS65_LL_NAND3X3              1       2.600    CORE65LPLVT  
HS65_LL_NAND3X5              7      18.200    CORE65LPLVT  
HS65_LL_NAND4ABX3            4      14.560    CORE65LPLVT  
HS65_LL_NOR2AX3            100     260.000    CORE65LPLVT  
HS65_LL_NOR2X5               1       2.080    CORE65LPLVT  
HS65_LL_NOR2X6              32      66.560    CORE65LPLVT  
HS65_LL_NOR3AX2              5      15.600    CORE65LPLVT  
HS65_LL_NOR3X4               9      23.400    CORE65LPLVT  
HS65_LL_NOR4ABX2             2       7.280    CORE65LPLVT  
HS65_LL_OAI112X5             2       7.280    CORE65LPLVT  
HS65_LL_OAI12X3              5      13.000    CORE65LPLVT  
HS65_LL_OAI211X5             3      10.920    CORE65LPLVT  
HS65_LL_OAI21X3             10      26.000    CORE65LPLVT  
HS65_LL_OAI22X6              4      14.560    CORE65LPLVT  
HS65_LL_OAI311X5             1       4.160    CORE65LPLVT  
HS65_LL_OAI32X5              2       8.320    CORE65LPLVT  
HS65_LL_OR2X9                5      15.600    CORE65LPLVT  
HS65_LL_OR3X9                2       7.280    CORE65LPLVT  
HS65_LL_PAOI2X1             16      58.240    CORE65LPLVT  
HS65_LL_SDFPQX9              6      59.280    CORE65LPLVT  
ST_SPHDL_160x32m8_L          1   12496.800    SPHD110420   
-----------------------------------------------------------
total                     3534  130425.240                 


   Library   Instances    Area   Instances % 
---------------------------------------------
CLOCK65LPLVT        18    34.320         0.5 
CORE65LPLVT       3493 19334.120        98.8 
PAD                 22 98560.000         0.6 
SPHD110420           1 12496.800         0.0 

                                           
     Type      Instances    Area    Area % 
-------------------------------------------
timing_model          23 111056.800   85.1 
sequential          1238   9668.880    7.4 
inverter             290    452.920    0.3 
buffer                21     47.840    0.0 
logic               1962   9198.800    7.1 
physical_cells         0      0.000    0.0 
-------------------------------------------
total               3534 130425.240  100.0 

