============================================================
  Generated by:           Genus(TM) Synthesis Solution 16.12-s027_1
  Generated on:           Feb 21 2024  03:02:06 pm
  Module:                 TOP_with_pads
  Technology libraries:   CLOCK65LPLVT 
                          CORE65LPLVT 
                          SPHD110420 
                          PAD 
  Operating conditions:   typical (balanced_tree)
  Wireload mode:          enclosed
  Area mode:              timing library
============================================================

Timing
--------

Clock  Period 
--------------
clk   10000.0 


  Cost    Critical       Violating 
 Group   Path Slack TNS    Paths   
-----------------------------------
default      7515.9   0          0 
-----------------------------------
Total                 0          0 

Instance Count
--------------
Leaf Instance Count             3534 
Sequential Instance Count       1239 
Combinational Instance Count    2295 
Hierarchical Instance Count       10 

Area
----
Cell Area                          130425.240
Physical Cell Area                 0.000
Total Cell Area (Cell+Physical)    130425.240
Net Area                           0.000
Total Area (Cell+Physical+Net)     130425.240

Max Fanout                         1239 (clk_sig)
Min Fanout                         0 (fini_out)
Average Fanout                     2.8
Terms to net ratio                 3.7915
Terms to instance ratio            4.0855
Runtime                            44.677840999999994 seconds
Elapsed Runtime                    57 seconds
Genus peak memory usage            762.10 
Innovus peak memory usage          no_value 
Hostname                           ylva.fransg.eit.lth.se
