###############################################################
#  Generated by:      Cadence Innovus 16.13-s045_1
#  OS:                Linux x86_64(Host ID ylva.fransg.eit.lth.se)
#  Generated on:      Wed Feb 28 12:53:35 2024
#  Design:            TOP_with_pads
#  Command:           report_ccopt_worst_chain -filename ./worst_chain_ccopt.rpt 
###############################################################

,-o TOP_module/multiply_unit_use/count_coeff_reg[0]
| |     .../CP @(unknown) constraint=(unknown) chosen=(unknown)
| |            location=(452.850,216.590) slew=(launch: 0.197ns, capture: 0.197ns)
| |   slack 5.312ns .../Q -> .../D (distance: 391.880um)
| |                 delays=(launch: 1.014ns, datapath: 4.190ns, capture: 1.016ns, adjust: 9.500ns)
| |                 launch/capture clock clk in analysis view SS
| o TOP_module/multiply_unit_use/state_reg_reg[1]
| |     .../CP @(unknown) constraint=(unknown) chosen=(unknown)
| |            location=(467.050,221.990) slew=(launch: 0.197ns, capture: 0.197ns)
| |   slack 6.015ns .../Q -> .../TI (distance: 460.970um)
| |                 delays=(launch: 1.016ns, datapath: 3.483ns, capture: 1.014ns, adjust: 9.500ns)
| |                 launch/capture clock clk in analysis view SS
`-o TOP_module/multiply_unit_use/count_coeff_reg[0]
  |     .../CP @(unknown) constraint=(unknown) chosen=(unknown)
  |            location=(452.850,216.590) slew=(launch: 0.197ns, capture: 0.197ns)
  |   slack 4.819ns .../Q -> .../D (distance: 585.090um)
  |                 delays=(launch: 1.014ns, datapath: 4.676ns, capture: 1.009ns, adjust: 9.500ns)
  |                 launch/capture clock clk in analysis view SS
  o TOP_module/multiply_unit_use/coeff_reg[3]
  |     .../CP @(unknown) constraint=(unknown) chosen=(unknown)
  |            location=(428.550,221.990) slew=(launch: 0.195ns, capture: 0.195ns)
  |   *WNS* 1.031ns .../Q -> .../D (distance: 727.740um)
  |                 delays=(launch: 1.009ns, datapath: 8.377ns, capture: 0.918ns, adjust: 9.500ns)
  |                 launch/capture clock clk in analysis view SS
  o TOP_module/multiply_unit_use/s_MU_out_reg[34]
  |     .../CP @(unknown) constraint=(unknown) chosen=(unknown)
  |            location=(292.650,223.810) slew=(launch: 0.199ns, capture: 0.199ns)
  |   slack 6.387ns .../Q -> .../D (distance: 367.570um)
  |                 delays=(launch: 0.918ns, datapath: 6.406ns, capture: 1.015ns, adjust: 9.500ns)
  |                 launch/capture clock clk in analysis view SS
  o TOP_module/Ram_controller_use/s_mu_in_reg[34]
  |     .../CP @(unknown) constraint=(unknown) chosen=(unknown)
  |            location=(275.950,208.210) slew=(launch: 0.188ns, capture: 0.188ns)
  |   slack 6.993ns .../Q -> .../D (distance: 287.300um)
  |                 delays=(launch: 1.015ns, datapath: 6.357ns, capture: 1.015ns, adjust: 9.500ns)
  |                 launch/capture clock clk in analysis view SS
,-o TOP_module/Ram_controller_use/s_mu_in_reg[52]
| |     .../CP @(unknown) constraint=(unknown) chosen=(unknown)
| |            location=(276.450,213.410) slew=(launch: 0.188ns, capture: 0.188ns)
| |   slack 6.943ns .../Q -> .../D (distance: 285.300um)
| |                 delays=(launch: 1.015ns, datapath: 6.357ns, capture: 1.015ns, adjust: 9.500ns)
| |                 launch/capture clock clk in analysis view SS
`-o TOP_module/Ram_controller_use/s_mu_in_reg[52]

