###############################################################
#  Generated by:      Cadence Innovus 16.13-s045_1
#  OS:                Linux x86_64(Host ID gunne.fransg.eit.lth.se)
#  Generated on:      Thu Feb 22 17:40:33 2024
#  Design:            TOP_with_pads
#  Command:           report_ccopt_worst_chain -filename ./worst_chain_ccopt.rpt 
###############################################################

,-o TOP_module/multiply_unit_use/count_coeff_reg[0]
| |     .../CP @(unknown) constraint=(unknown) chosen=(unknown)
| |            location=(472.450,211.390) slew=(launch: 0.188ns, capture: 0.188ns)
| |   slack 5.158ns .../Q -> .../D (distance: 446.180um)
| |                 delays=(launch: 1.005ns, datapath: 4.342ns, capture: 1.004ns, adjust: 9.500ns)
| |                 launch/capture clock clk in analysis view SS
| o TOP_module/multiply_unit_use/state_reg_reg[1]
| |     .../CP @(unknown) constraint=(unknown) chosen=(unknown)
| |            location=(483.850,216.790) slew=(launch: 0.188ns, capture: 0.188ns)
| |   slack 6.202ns .../Q -> .../TI (distance: 331.250um)
| |                 delays=(launch: 1.004ns, datapath: 3.298ns, capture: 1.005ns, adjust: 9.500ns)
| |                 launch/capture clock clk in analysis view SS
`-o TOP_module/multiply_unit_use/count_coeff_reg[0]
  |     .../CP @(unknown) constraint=(unknown) chosen=(unknown)
  |            location=(472.450,211.390) slew=(launch: 0.188ns, capture: 0.188ns)
  |   slack 4.860ns .../Q -> .../D (distance: 509.330um)
  |                 delays=(launch: 1.005ns, datapath: 4.639ns, capture: 1.005ns, adjust: 9.500ns)
  |                 launch/capture clock clk in analysis view SS
  o TOP_module/multiply_unit_use/coeff_reg[2]
  |     .../CP @(unknown) constraint=(unknown) chosen=(unknown)
  |            location=(464.150,227.190) slew=(launch: 0.188ns, capture: 0.188ns)
  |   *WNS* 1.480ns .../Q -> .../D (distance: 654.580um)
  |                 delays=(launch: 1.005ns, datapath: 8.017ns, capture: 1.002ns, adjust: 9.500ns)
  |                 launch/capture clock clk in analysis view SS
  o TOP_module/multiply_unit_use/s_MU_out_reg[32]
  |     .../CP @(unknown) constraint=(unknown) chosen=(unknown)
  |            location=(301.850,249.810) slew=(launch: 0.190ns, capture: 0.190ns)
  |   slack 6.959ns .../Q -> .../D (distance: 252.120um)
  |                 delays=(launch: 1.002ns, datapath: 6.284ns, capture: 1.014ns, adjust: 9.500ns)
  |                 launch/capture clock clk in analysis view SS
,-o TOP_module/Ram_controller_use/s_mu_in_reg[32]
| |     .../CP @(unknown) constraint=(unknown) chosen=(unknown)
| |            location=(304.850,239.410) slew=(launch: 0.194ns, capture: 0.194ns)
| |   slack 6.967ns .../Q -> .../D (distance: 245.610um)
| |                 delays=(launch: 1.014ns, datapath: 6.273ns, capture: 1.014ns, adjust: 9.500ns)
| |                 launch/capture clock clk in analysis view SS
`-o TOP_module/Ram_controller_use/s_mu_in_reg[32]

